make.exe all --print-data-base --no-builtin-variables --no-builtin-rules --question
# GNU Make 3.82.90
# Built for i686-pc-mingw32
# Copyright (C) 1988-2012 Free Software Foundation, Inc.
# License GPLv3+: GNU GPL version 3 or later <http://gnu.org/licenses/gpl.html>
# This is free software: you are free to change and redistribute it.
# There is NO WARRANTY, to the extent permitted by law.
 

# Make data base, printed on Tue Sep 07 11:06:02 2021

# Variables

# automatic
<D = $(patsubst %/,%,$(patsubst %\,%,$(dir $<)))
# automatic
?F = $(notdir $?)
# default
.SHELLFLAGS := -c
# makefile (from 'makefile', line 5)
SRC = main.c functions\delete_record.c functions\new_record.c functions\update_record.c functions\view_a_record.c functions\view_all_records.c 
# makefile
MAKEFLAGS = Rrqp
# environment
VSCODE_LOG_NATIVE = false
# automatic
?D = $(patsubst %/,%,$(patsubst %\,%,$(dir $?)))
# automatic
@D 
 = $(patsubst %/,%,$(patsubst %\,%,$(dir $@)))
# environment
HOMEDRIVE = C:
# automatic
@F = $(notdir $@)
# automatic
^D = $(patsubst %/,%,$(patsubst %\,%,$(dir $^)))
# makefile
CURDIR := c:/Users/LENOVO/Step-in-MiniProject-C
# default
SHELL := sh.exe
# environment
WINDIR = C:\WINDOWS
# environment
VSCODE_NLS_CONFIG = {"locale":"en-us","availableLanguages":{},"_languagePackSupport":true}
# environment
ONEDRIVE = C:\Users\LENOVO\OneDrive
# environment
PATHEXT = .COM;.EXE;.BAT;.CMD;.VBS;.VBE;.JS;.JSE;.WSF;.WSH;.MSC;.PY;.PYW
# makefile (from 'makefile', line 1)
MAKEFILE_LIST :=  makefile
# environment
TMP = C:\Users\LENOVO\AppData\Local\Temp
# environment
VSCODE_VERBOSE_LOGGING = true
# environment
PROGRAMW6432 = C:\Program Files
# environment
PROGRAMDATA = C:\ProgramData
# environment
VSCODE_IPC_HOOK_EXTHOST = \\.\pipe\vscode-ipc-a3008855-0bf3-4a2f-a364-243ca1752f48-sock
# environment
VSCODE_CWD = C:\Users\LENOVO\AppData\Local\Programs\Microsoft VS Code
# environment
PATH = C:\Program Files\Common Files\Oracle\Java\javapath;C:\python9\Scripts\;C:\python9\;C:\WINDOWS\system32;C:\WINDOWS;C:\WINDOWS\System32\Wbem;C:\WINDOWS\System32\WindowsPowerShell\v1.0\;C:\WINDOWS\System32\OpenSSH\;C:\Program Files\Git\cmd;C:\MinGW\bin;C:\Program Files (x86)\GnuWin32\bin;C:\Users\LENOVO\AppData\Local\Microsoft\WindowsApps;C:\Users\LENOVO\AppData\Local\Programs\Microsoft VS Code\bin;C:\Users\LENOVO\AppData\Local\Pandoc\;C:\Program Files\heroku\bin;C:\Program Files (x86)\GnuWin32\bin;C:\MinGW\bin;
# environment
COMMONPROGRAMW6432 = C:\Program Files\Common Files
# environment
PROCESSOR_ARCHITECTURE = x86
# environment
USERPROFILE = C:\Users\LENOVO
# environment
ALLUSERSPROFILE = C:\ProgramData
# environment
VSCODE_LOG_STACK = false
# environment
NUMBER_OF_PROCESSORS = 2
# environment
ELECTRON_RUN_AS_NODE = 1
# default
.FEATURES := target-specific order-only second-expansion else-if shortest-stem undefine oneshell archives jobserver
# automatic
%F = $(notdir $%)
# environment
CHROME_CRASHPAD_PIPE_NAME = \\.\pipe\crashpad_8388_FBEDYMKGYAOXEQND
# environment
VSCODE_PIPE_LOGGING = true
# environment
COMPUTERNAME = LAPTOP-1HT0526P
# environment
PROGRAMFILES = C:\Program Files (x86)
# environment
DRIVERDATA = C:\Windows\System32\Drivers\DriverData
# environment
ORIGINAL_XDG_CURRENT_DESKTOP = undefined
# environment
USERNAME = LENOVO
# environment
PUBLIC = C:\Users\Public
# environment
VSCODE_AMD_ENTRYPOINT = vs/workbench/services/extensions/node/extensionHostProcess
# environment
VSCODE_CODE_CACHE_PATH = C:\Users\LENOVO\AppData\Roaming\Code\CachedData\e7d7e9a9348e6a8cc8c03f877d39cb72e5dfb1ff
# environment
APPLICATION_INSIGHTS_NO_DIAGNOSTIC_CHANNEL = true
# environment
COMMONPROGRAMFILES = C:\Program Files (x86)\Common Files
# environment
LOGONSERVER = \\LAPTOP-1HT0526P
# environment
ONEDRIVECONSUMER = C:\Users\LENOVO\OneDrive
# environment
VSCODE_HANDLES_UNCAUGHT_ERRORS = true
# environment
USERDOMAIN = LAPTOP-1HT0526P
# makefile (from 'makefile', line 6)
TEST = test_management.c unity\unity.c functions\delete_record.c functions\new_record.c functions\update_record.c functions\view_a_record.c functions\view_all_records.c 
# environment
MAKELEVEL := 0
# default
MAKE = $(MAKE_COMMAND)
# default
MAKECMDGOALS := all
# default
MAKE_VERSION := 3.82.90
# makefile
.DEFAULT_GOAL := target
# environment
PROGRAMFILES(X86) = C:\Program Files (x86)
# automatic
%D = $(patsubst %/,%,$(patsubst %\,%,$(dir $%)))
# environment
LOCALAPPDATA = C:\Users\LENOVO\AppData\Local
# environment
PSMODULEPATH = C:\Program Files\WindowsPowerShell\Modules;C:\WINDOWS\system32\WindowsPowerShell\v1.0\Modules
# default
MAKE_COMMAND := make.exe
# makefile (from 'makefile', line 7)
INC = -Iheader -Iunity
# environment
PROCESSOR_ARCHITEW6432 = AMD64
# default
.VARIABLES := 
# automatic
*F = $(notdir $*)
# environment
PROCESSOR_IDENTIFIER = AMD64 Family 23 Model 24 Stepping 1, AuthenticAMD
# environment
OS = Windows_NT
# environment
VSCODE_IPC_HOOK = \\.\pipe\0ae98414ad0d9c7d28fffada35881052-1.60.0-main-sock
# environment
HOMEPATH = \Users\LENOVO
# environment
COMMONPROGRAMFILES(X86) = C:\Program Files (x86)\Common Files
# environment
PROMPT = $P$G
# environment
MFLAGS = -Rrqp
# automatic
*D = $(patsubst %/,%,$(patsubst %\,%,$(dir $*)))
# environment
SYSTEMROOT = C:\WINDOWS
# automatic
+D = $(patsubst %/,%,$(patsubst %\,%,$(dir $+)))
# automatic
+F = $(notdir $+)
# environment
APPDATA = C:\Users\LENOVO\AppData\Roaming
# environment
TEMP = C:\Users\LENOVO\AppData\Local\Temp
# environment
COMSPEC = C:\WINDOWS\system32\cmd.exe
# default
MAKEFILES := 
# automatic
<F = $(notdir $<)
# environmen 
t
LC_ALL = C
# automatic
^F = $(notdir $^)
# default
SUFFIXES := 
# environment
SYSTEMDRIVE = C:
# environment
SESSIONNAME = Console
# environment
PROCESSOR_REVISION = 1801
# default
.INCLUDE_DIRS = C:/MinGW/include
# environment
VBOX_HWVIRTEX_IGNORE_SVM_IN_USE = 1
# default
.RECIPEPREFIX := 
# environment
LANG = C
# environment
PROCESSOR_LEVEL = 23
# environment
VSCODE_PID = 8388
# environment
USERDOMAIN_ROAMINGPROFILE = LAPTOP-1HT0526P
# variable set hash-table stats:
# Load=94/1024=9%, Rehash=0, Collisio 
ns=11/115=10%

# Pattern-specific Variable Values

# No pattern-specific variable values.

# Directories

# C:\Users\LENOVO\AppData\Local\Microsoft\WindowsApps (key C:/Users/LENOVO/AppData/Local/Microsoft/WindowsApps, mtime 1630845060): 16 files, no impossibilities.
# C:\WINDOWS\System32\WindowsPowerShell\v1.0\ (key C:/WINDOWS/System32/WindowsPowerShell/v1.0/, mtime 1622697518): 30 files, no impossibilities.
# . (key c:/Users/LENOVO/Step-in-MiniProject-C, mtime 1630992950): 11 files, no impossibilities.
# C 
:\python9\ (key C:/python9/, mtime 1624344772): 23 files, no impossibilities.
# C:\python9\Scripts\ (key C:/python9/Scripts/, mtime 1628062783): 81 files, no impossibilities.
# C:\WINDOWS\System32\OpenSSH\: could not be stat'd.
# C:\MinGW\bin (key C:/MinGW/bin, mtime 1630937469): 62 files, no impossibilities.
# C:\WINDOWS (key C:/WINDOWS, mtime 1624627119): 146 files, no impossibilities.
# C:\Program Files (x86)\GnuWin32\bin (key C:/Program Files (x86)/GnuWin32/bin, mtime 1630845942): 5 files, no impossibil 
ities.
# C:\Program Files\heroku\bin: could not be stat'd.
# C:\WINDOWS\System32\Wbem (key C:/WINDOWS/System32/Wbem, mtime 1630339641): 153 files, no impossibilities.
# C:\Users\LENOVO\AppData\Local\Programs\Microsoft VS Code\bin (key C:/Users/LENOVO/AppData/Local/Programs/Microsoft VS Code/bin, mtime 1630674113): 4 files, no impossibilities.
# C:\Users\LENOVO\AppData\Local\Pandoc\ (key C:/Users/LENOVO/AppData/Local/Pandoc/, mtime 1625577408): 6 files, no impossibilities.
# C:\Program Files\Common Files\Ora 
cle\Java\javapath (key C:/Program Files/Common Files/Oracle/Java/javapath, mtime 1622643903): 6 files, no impossibilities.
# C:\WINDOWS\system32 (key C:/WINDOWS/system32, mtime 1630339639): 2816 files, no impossibilities.
# C:\Program Files\Git\cmd (key C:/Program Files/Git/cmd, mtime 1629983768): 8 files, no impossibilities.

# 3367 files, no impossibilities in 16 directories.

# Implicit Rules

# No implicit rules.

# Files

# Not a target:
all:
#  Command line target.
#  Implicit rule search has been don 
e.
#  File does not exist.
#  File has not been updated.

# Not a target:
main.c:
#  Implicit rule search has not been done.
#  Modification time never checked.
#  File has not been updated.

# Not a target:
.SUFFIXES:
#  Implicit rule search has not been done.
#  Modification time never checked.
#  File has not been updated.

test: test_management.c unity\unity.c functions\delete_record.c functions\new_record.c functions\update_record.c functions\view_a_record.c functions\view_all_records.c
#  Implicit rul 
e search has not been done.
#  Modification time never checked.
#  File has not been updated.
#  recipe to execute (from 'makefile', line 17):
	gcc $(TEST) $(INC) -o test.exe

# Not a target:
makefile:
#  Implicit rule search has been done.
#  Last modified 2021-09-07 11:05:12
#  File has been updated.
#  Successfully updated.

# Not a target:
functions\view_all_records.c:
#  Implicit rule search has not been done.
#  Modification time never checked.
#  File has not been updated.

# Not a target:
test_manag 
ement.c:
#  Implicit rule search has not been done.
#  Modification time never checked.
#  File has not been updated.

# Not a target:
.DEFAULT:
#  Implicit rule search has not been done.
#  Modification time never checked.
#  File has not been updated.

# Not a target:
unity\unity.c:
#  Implicit rule search has not been done.
#  Modification time never checked.
#  File has not been updated.

run: target
#  Implicit rule search has not been done.
#  Modification time never checked.
#  File has not been upda 
ted.
#  recipe to execute (from 'makefile', line 14):
	./all.exe

# Not a target:
functions\view_a_record.c:
#  Implicit rule search has not been done.
#  Modification time never checked.
#  File has not been updated.

target: main.c functions\delete_record.c functions\new_record.c functions\update_record.c functions\view_a_record.c functions\view_all_records.c
#  Implicit rule search has not been done.
#  Modification time never checked.
#  File has not been updated.
#  recipe to execute (from 'makefile',  
line 11):
	gcc $(SRC) -I$(INC) -o all.exe

# Not a target:
functions\new_record.c:
#  Implicit rule search has not been done.
#  Modification time never checked.
#  File has not been updated.

# Not a target:
functions\update_record.c:
#  Implicit rule search has not been done.
#  Modification time never checked.
#  File has not been updated.

# Not a target:
functions\delete_record.c:
#  Implicit rule search has not been done.
#  Modification time never checked.
#  File has not been updated.

# files hash- 
table stats:
# Load=15/1024=1%, Rehash=0, Collisions=0/39=0%
# VPATH Search Paths

# No 'vpath' search paths.

# No general ('VPATH' variable) search path.

# strcache buffers: 7 (6) / strings = 3351 / storage = 50334 B / avg = 15 B
# current buf: size = 8174 B / used = 1320 B / count = 70 / avg = 18 B
# other used: total = 42160 B / count = 3281 / avg = 12 B
# other free: total = 30 B / max = 11 B / min = 1 B / avg = 5 B

# strcache performance: lookups = 3409 / hit rate = 1%
# hash-table stats:
# Load=335 
1/8192=41%, Rehash=0, Collisions=1110/3409=33%
# Finished Make data base on Tue Sep 07 11:06:02 2021

 
make.exe: *** No rule to make target 'all'.  Stop.
 
